-------------------------------------------------------------------------------
Test set: br.com.amelosbc.treinaweb.tw.gerenciadortarefas.ApplicationTests
-------------------------------------------------------------------------------
Tests run: 1, Failures: 0, Errors: 1, Skipped: 0, Time elapsed: 0.934 s <<< FAILURE! - in br.com.amelosbc.treinaweb.tw.gerenciadortarefas.ApplicationTests
initializationError(br.com.amelosbc.treinaweb.tw.gerenciadortarefas.ApplicationTests)  Time elapsed: 0.008 s  <<< ERROR!
java.lang.IllegalStateException: Unable to find a @SpringBootConfiguration, you need to use @ContextConfiguration or @SpringBootTest(classes=...) with your test

